TN:
SF:src\services\attendanceService.js
FN:7,determineStatus
FN:39,destination
FN:42,filename
FN:51,fileFilter
FN:65,addCheckIn
FN:104,addCheckOut
FN:130,updateAttendance
FN:164,getAllAttendance
FN:169,getAttendanceById
FN:179,deleteAttendance
FNF:10
FNH:10
FNDA:8,determineStatus
FNDA:1,destination
FNDA:1,filename
FNDA:2,fileFilter
FNDA:3,addCheckIn
FNDA:4,addCheckOut
FNDA:3,updateAttendance
FNDA:1,getAllAttendance
FNDA:2,getAttendanceById
FNDA:2,deleteAttendance
DA:1,1
DA:2,1
DA:3,1
DA:4,1
DA:5,1
DA:6,1
DA:7,1
DA:8,8
DA:9,8
DA:10,8
DA:11,8
DA:12,8
DA:13,8
DA:14,8
DA:15,8
DA:16,4
DA:17,4
DA:18,4
DA:19,4
DA:20,8
DA:21,8
DA:22,8
DA:23,8
DA:24,4
DA:25,4
DA:26,1
DA:27,4
DA:28,2
DA:29,3
DA:30,1
DA:31,1
DA:32,8
DA:33,8
DA:34,8
DA:35,8
DA:36,1
DA:37,1
DA:38,1
DA:39,1
DA:40,1
DA:41,1
DA:42,1
DA:43,1
DA:44,1
DA:45,1
DA:46,1
DA:47,1
DA:48,1
DA:49,1
DA:50,1
DA:51,1
DA:52,2
DA:53,2
DA:54,2
DA:55,2
DA:56,2
DA:57,1
DA:58,1
DA:59,1
DA:60,1
DA:61,2
DA:62,1
DA:63,1
DA:64,1
DA:65,1
DA:66,3
DA:67,3
DA:68,3
DA:69,3
DA:70,3
DA:71,3
DA:72,3
DA:73,3
DA:74,3
DA:75,3
DA:76,3
DA:77,3
DA:78,3
DA:79,3
DA:80,1
DA:81,1
DA:82,2
DA:83,2
DA:84,2
DA:85,2
DA:86,2
DA:87,2
DA:88,2
DA:89,2
DA:90,2
DA:91,2
DA:92,2
DA:93,2
DA:94,2
DA:95,2
DA:96,2
DA:97,2
DA:98,2
DA:99,2
DA:100,2
DA:101,2
DA:102,1
DA:103,1
DA:104,1
DA:105,4
DA:106,4
DA:107,4
DA:108,1
DA:109,1
DA:110,3
DA:111,4
DA:112,0
DA:113,0
DA:114,3
DA:115,4
DA:116,1
DA:117,1
DA:118,2
DA:119,2
DA:120,2
DA:121,2
DA:122,2
DA:123,2
DA:124,2
DA:125,2
DA:126,2
DA:127,2
DA:128,1
DA:129,1
DA:130,1
DA:131,3
DA:132,3
DA:133,3
DA:134,3
DA:135,3
DA:136,1
DA:137,1
DA:138,2
DA:139,2
DA:140,2
DA:141,2
DA:142,1
DA:143,1
DA:144,2
DA:145,1
DA:146,1
DA:147,2
DA:148,2
DA:149,2
DA:150,2
DA:151,2
DA:152,2
DA:153,2
DA:154,2
DA:155,2
DA:156,2
DA:157,2
DA:158,3
DA:159,1
DA:160,1
DA:161,3
DA:162,1
DA:163,1
DA:164,1
DA:165,1
DA:166,1
DA:167,1
DA:168,1
DA:169,1
DA:170,2
DA:171,2
DA:172,1
DA:173,1
DA:174,1
DA:175,1
DA:176,1
DA:177,1
DA:178,1
DA:179,1
DA:180,2
DA:181,2
DA:182,1
DA:183,1
DA:184,1
DA:185,1
DA:186,1
DA:187,1
DA:188,1
DA:189,1
DA:190,1
DA:191,1
DA:192,1
DA:193,1
DA:194,1
DA:195,1
DA:196,1
DA:197,1
LF:197
LH:195
BRDA:7,0,0,8
BRDA:11,1,0,4
BRDA:11,2,0,4
BRDA:15,3,0,4
BRDA:23,4,0,4
BRDA:25,5,0,1
BRDA:27,6,0,3
BRDA:27,7,0,2
BRDA:29,8,0,1
BRDA:39,9,0,1
BRDA:42,10,0,1
BRDA:51,11,0,2
BRDA:56,12,0,1
BRDA:56,13,0,1
BRDA:65,14,0,3
BRDA:79,15,0,1
BRDA:81,16,0,2
BRDA:104,17,0,4
BRDA:107,18,0,1
BRDA:109,19,0,3
BRDA:111,20,0,0
BRDA:113,21,0,3
BRDA:115,22,0,1
BRDA:117,23,0,2
BRDA:130,24,0,3
BRDA:135,25,0,1
BRDA:137,26,0,2
BRDA:141,27,0,1
BRDA:144,28,0,1
BRDA:158,29,0,1
BRDA:164,30,0,1
BRDA:169,31,0,2
BRDA:171,32,0,1
BRDA:179,33,0,2
BRDA:181,34,0,1
BRF:35
BRH:34
end_of_record
TN:
SF:src\services\productService.js
FN:4,fetchAllProducts
FN:14,createProduct
FN:25,updateProductById
FN:36,deleteProductById
FNF:4
FNH:4
FNDA:2,fetchAllProducts
FNDA:2,createProduct
FNDA:3,updateProductById
FNDA:3,deleteProductById
DA:1,1
DA:2,1
DA:3,1
DA:4,1
DA:5,2
DA:6,2
DA:7,2
DA:8,1
DA:9,1
DA:10,2
DA:11,1
DA:12,1
DA:13,1
DA:14,1
DA:15,2
DA:16,2
DA:17,2
DA:18,1
DA:19,1
DA:20,1
DA:21,1
DA:22,2
DA:23,1
DA:24,1
DA:25,1
DA:26,3
DA:27,3
DA:28,3
DA:29,1
DA:30,3
DA:31,2
DA:32,2
DA:33,3
DA:34,1
DA:35,1
DA:36,1
DA:37,3
DA:38,3
DA:39,3
DA:40,1
DA:41,3
DA:42,2
DA:43,2
DA:44,3
DA:45,1
DA:46,1
DA:47,1
DA:48,1
DA:49,1
DA:50,1
DA:51,1
LF:51
LH:51
BRDA:4,0,0,2
BRDA:7,1,0,1
BRDA:14,2,0,2
BRDA:17,3,0,1
BRDA:25,4,0,3
BRDA:27,5,0,2
BRDA:28,6,0,1
BRDA:30,7,0,2
BRDA:36,8,0,3
BRDA:38,9,0,2
BRDA:39,10,0,1
BRDA:41,11,0,2
BRF:12
BRH:12
end_of_record
TN:
SF:src\services\rentalService.js
FN:7,destination
FN:10,filename
FN:18,fileFilter
FN:32,validateRentalData
FN:49,createRental
FN:62,updateRentalById
FN:76,getAllRentals
FN:81,deleteRentalById
FNF:8
FNH:8
FNDA:1,destination
FNDA:1,filename
FNDA:2,fileFilter
FNDA:5,validateRentalData
FNDA:2,createRental
FNDA:3,updateRentalById
FNDA:2,getAllRentals
FNDA:2,deleteRentalById
DA:1,1
DA:2,1
DA:3,1
DA:4,1
DA:5,1
DA:6,1
DA:7,1
DA:8,1
DA:9,1
DA:10,1
DA:11,1
DA:12,1
DA:13,1
DA:14,1
DA:15,1
DA:16,1
DA:17,1
DA:18,1
DA:19,2
DA:20,2
DA:21,2
DA:22,2
DA:23,2
DA:24,1
DA:25,1
DA:26,1
DA:27,1
DA:28,2
DA:29,1
DA:30,1
DA:31,1
DA:32,1
DA:33,5
DA:34,5
DA:35,5
DA:36,5
DA:37,2
DA:38,2
DA:39,2
DA:40,2
DA:41,0
DA:42,2
DA:43,2
DA:44,2
DA:45,2
DA:46,5
DA:47,1
DA:48,1
DA:49,1
DA:50,2
DA:51,2
DA:52,2
DA:53,2
DA:54,2
DA:55,2
DA:56,2
DA:57,2
DA:58,2
DA:59,2
DA:60,1
DA:61,1
DA:62,1
DA:63,3
DA:64,3
DA:65,3
DA:66,3
DA:67,3
DA:68,3
DA:69,1
DA:70,1
DA:71,2
DA:72,2
DA:73,2
DA:74,1
DA:75,1
DA:76,1
DA:77,2
DA:78,2
DA:79,1
DA:80,1
DA:81,1
DA:82,2
DA:83,2
DA:84,1
DA:85,1
DA:86,1
DA:87,1
DA:88,1
DA:89,1
DA:90,1
DA:91,1
LF:91
LH:90
BRDA:7,0,0,1
BRDA:10,1,0,1
BRDA:18,2,0,2
BRDA:23,3,0,1
BRDA:23,4,0,1
BRDA:32,5,0,5
BRDA:36,6,0,3
BRDA:36,7,0,2
BRDA:38,8,0,0
BRDA:39,9,0,0
BRDA:40,10,0,0
BRDA:49,11,0,2
BRDA:62,12,0,3
BRDA:68,13,0,1
BRDA:70,14,0,2
BRDA:76,15,0,2
BRDA:81,16,0,2
BRF:17
BRH:14
end_of_record
TN:
SF:src\services\shiftService.js
FN:4,validateTimeFormat
FN:7,validateDateRange
FN:14,getDatesInRange
FN:24,createShift
FN:78,getAllShifts
FN:87,getShiftById
FN:96,updateShift
FN:186,deleteShift
FNF:8
FNH:8
FNDA:20,validateTimeFormat
FNDA:8,validateDateRange
FNDA:9,getDatesInRange
FNDA:5,createShift
FNDA:2,getAllShifts
FNDA:2,getShiftById
FNDA:6,updateShift
FNDA:2,deleteShift
DA:1,1
DA:2,1
DA:3,1
DA:4,1
DA:5,1
DA:6,1
DA:7,1
DA:8,8
DA:9,2
DA:10,2
DA:11,8
DA:12,1
DA:13,1
DA:14,1
DA:15,9
DA:16,9
DA:17,9
DA:18,18
DA:19,18
DA:20,18
DA:21,9
DA:22,9
DA:23,1
DA:24,1
DA:25,5
DA:26,5
DA:27,5
DA:28,5
DA:29,2
DA:30,2
DA:31,3
DA:32,3
DA:33,3
DA:34,3
DA:35,3
DA:36,5
DA:37,5
DA:38,5
DA:39,5
DA:40,5
DA:41,5
DA:42,5
DA:43,5
DA:44,5
DA:45,2
DA:46,3
DA:47,3
DA:48,3
DA:49,3
DA:50,3
DA:51,3
DA:52,1
DA:53,1
DA:54,2
DA:55,2
DA:56,2
DA:57,2
DA:58,2
DA:59,2
DA:60,2
DA:61,2
DA:62,2
DA:63,2
DA:64,2
DA:65,2
DA:66,2
DA:67,2
DA:68,2
DA:69,1
DA:70,1
DA:71,1
DA:72,1
DA:73,1
DA:74,1
DA:75,5
DA:76,1
DA:77,1
DA:78,1
DA:79,2
DA:80,2
DA:81,2
DA:82,1
DA:83,1
DA:84,2
DA:85,1
DA:86,1
DA:87,1
DA:88,2
DA:89,2
DA:90,2
DA:91,1
DA:92,1
DA:93,2
DA:94,1
DA:95,1
DA:96,1
DA:97,6
DA:98,6
DA:99,6
DA:100,6
DA:101,0
DA:102,0
DA:103,6
DA:104,1
DA:105,1
DA:106,5
DA:107,5
DA:108,5
DA:109,5
DA:110,5
DA:111,6
DA:112,6
DA:113,6
DA:114,6
DA:115,6
DA:116,6
DA:117,6
DA:118,6
DA:119,6
DA:120,1
DA:121,1
DA:122,3
DA:123,3
DA:124,3
DA:125,3
DA:126,3
DA:127,3
DA:128,3
DA:129,3
DA:130,6
DA:131,2
DA:132,2
DA:133,2
DA:134,2
DA:135,2
DA:136,2
DA:137,3
DA:138,3
DA:139,3
DA:140,3
DA:141,3
DA:142,4
DA:143,4
DA:144,4
DA:145,4
DA:146,4
DA:147,4
DA:148,4
DA:149,1
DA:150,1
DA:151,3
DA:152,4
DA:153,2
DA:154,2
DA:155,2
DA:156,2
DA:157,2
DA:158,2
DA:159,2
DA:160,2
DA:161,4
DA:162,1
DA:163,1
DA:164,1
DA:165,1
DA:166,1
DA:167,1
DA:168,1
DA:169,1
DA:170,1
DA:171,1
DA:172,1
DA:173,1
DA:174,1
DA:175,1
DA:176,4
DA:177,2
DA:178,2
DA:179,2
DA:180,2
DA:181,2
DA:182,2
DA:183,6
DA:184,1
DA:185,1
DA:186,1
DA:187,2
DA:188,2
DA:189,2
DA:190,1
DA:191,1
DA:192,2
DA:193,1
DA:194,1
DA:195,1
DA:196,1
DA:197,1
DA:198,1
DA:199,1
DA:200,1
LF:200
LH:198
BRDA:4,0,0,20
BRDA:7,1,0,8
BRDA:8,2,0,2
BRDA:14,3,0,9
BRDA:17,4,0,18
BRDA:24,5,0,5
BRDA:28,6,0,3
BRDA:28,7,0,2
BRDA:30,8,0,3
BRDA:36,9,0,0
BRDA:44,10,0,2
BRDA:45,11,0,3
BRDA:51,12,0,1
BRDA:53,13,0,2
BRDA:68,14,0,1
BRDA:69,15,0,1
BRDA:78,16,0,2
BRDA:81,17,0,1
BRDA:87,18,0,2
BRDA:90,19,0,1
BRDA:96,20,0,6
BRDA:100,21,0,0
BRDA:103,22,0,1
BRDA:105,23,0,5
BRDA:111,24,0,0
BRDA:118,25,0,4
BRDA:119,26,0,1
BRDA:121,27,0,3
BRDA:130,28,0,2
BRDA:136,29,0,3
BRDA:141,30,0,4
BRDA:148,31,0,1
BRDA:150,32,0,3
BRDA:152,33,0,2
BRDA:161,34,0,1
BRDA:176,35,0,2
BRDA:177,36,0,2
BRDA:127,37,0,5
BRDA:186,38,0,2
BRDA:189,39,0,1
BRF:40
BRH:37
end_of_record
